2022-02-21 09:25:40,413 DEBUG [main] com.LoggerManager (LoggerManger.java:8)     - ===================
2022-02-21 09:29:50,121 DEBUG [main] com.LoggerManager (LoggerManger.java:15)     - ===================
2022-02-21 09:31:56,933 DEBUG [main] com.LoggerManager (LoggerManger.java:14)     - ===================
2022-02-21 09:31:56,935 DEBUG [main] com.LoggerManager (LoggerManger.java:25)     - getMessage :a.txt (지정된 파일을 찾을 수 없습니다)
2022-02-21 09:32:07,018 DEBUG [main] com.LoggerManager (LoggerManger.java:14)     - ===================
2022-02-21 09:32:07,021 DEBUG [main] com.LoggerManager (LoggerManger.java:25)     - getMessage:a.txt (지정된 파일을 찾을 수 없습니다)
2022-02-21 09:40:00,028 DEBUG [main] com.LoggerManager (LoggerManger.java:14)     - ===================
2022-02-21 09:40:00,030 DEBUG [main] com.LoggerManager (LoggerManger.java:25)     - getMessage:a.txt (지정된 파일을 찾을 수 없습니다)
2022-02-21 09:41:42,813 DEBUG [main] com.LoggerManager (LoggerManger.java:14)     - ===================
2022-02-21 10:06:39,688 DEBUG [main] com.LoggerManager (TryCatsFinallyMain.java:38)     - 1
2022-02-21 10:06:39,689 DEBUG [main] com.LoggerManager (TryCatsFinallyMain.java:44)     - 1.FileNotFoundException:a.txt (지정된 파일을 찾을 수 없습니다)
2022-02-21 10:06:49,004 DEBUG [main] com.LoggerManager (TryCatsFinallyMain.java:38)     - 1
2022-02-21 10:06:49,006 DEBUG [main] com.LoggerManager (TryCatsFinallyMain.java:44)     - 2.FileNotFoundException:a.txt (지정된 파일을 찾을 수 없습니다)
2022-02-21 10:07:26,618 DEBUG [main] com.LoggerManager (TryCatsFinallyMain.java:38)     - 1
2022-02-21 10:07:26,621 DEBUG [main] com.LoggerManager (TryCatsFinallyMain.java:44)     - 2.FileNotFoundException:a.txt (지정된 파일을 찾을 수 없습니다)
2022-02-21 10:07:26,621 DEBUG [main] com.LoggerManager (TryCatsFinallyMain.java:46)     - 3.finally 무조건 수행!
2022-02-21 10:08:23,759 DEBUG [main] com.LoggerManager (TryCatsFinallyMain.java:38)     - 1
2022-02-21 10:08:23,763 DEBUG [main] com.LoggerManager (TryCatsFinallyMain.java:41)     - 1-1
2022-02-21 10:08:23,763 DEBUG [main] com.LoggerManager (TryCatsFinallyMain.java:47)     - 3.finally 무조건 수행!
2022-02-21 10:08:23,764 DEBUG [main] com.LoggerManager (TryCatsFinallyMain.java:55)     - 프로그램 종료!
2022-02-21 10:45:24,513 DEBUG [main] com.LoggerManager (TryCatsFinallyMain.java:37)     - 1
2022-02-21 10:45:24,515 DEBUG [main] com.LoggerManager (TryCatsFinallyMain.java:39)     - 1-1
2022-02-21 10:45:24,515 DEBUG [main] com.LoggerManager (TryCatsFinallyMain.java:46)     - 프로그램 종료!
2022-02-21 10:53:34,916 DEBUG [main] com.LoggerManager (MultiBlockExceptionMain.java:33)     - 1
2022-02-21 10:53:34,919 DEBUG [main] com.LoggerManager (MultiBlockExceptionMain.java:34)     - 2
2022-02-21 10:53:34,919 DEBUG [main] com.LoggerManager (MultiBlockExceptionMain.java:38)     - 3
2022-02-21 10:53:34,919 DEBUG [main] com.LoggerManager (MultiBlockExceptionMain.java:44)     - 5 ArithmeticException
2022-02-21 10:53:34,919 DEBUG [main] com.LoggerManager (MultiBlockExceptionMain.java:50)     - 7 finally
2022-02-21 10:53:34,919 DEBUG [main] com.LoggerManager (MultiBlockExceptionMain.java:53)     - 8.종료
2022-02-21 10:57:29,240 DEBUG [main] com.LoggerManager (TryCatsFinallyMain.java:35)     - 1
2022-02-21 10:57:29,242 DEBUG [main] com.LoggerManager (TryCatsFinallyMain.java:37)     - 1-1
2022-02-21 10:57:29,242 DEBUG [main] com.LoggerManager (TryCatsFinallyMain.java:44)     - 프로그램 종료!
2022-02-21 11:09:43,101 DEBUG [main] com.LoggerManager (ThrowMain.java:30)     - 1
2022-02-21 11:09:43,107 DEBUG [main] com.LoggerManager (ThrowMain.java:36)     - 3.예외 발생!
2022-02-21 11:09:43,107 DEBUG [main] com.LoggerManager (ThrowMain.java:37)     - 3.1Exception:예외 발생 시키기(고의)
2022-02-21 11:09:43,107 DEBUG [main] com.LoggerManager (ThrowMain.java:40)     - 프로그램 종료
2022-02-21 11:20:36,929 DEBUG [main] com.LoggerManager (throwsMain.java:27)     - methodA()
2022-02-21 11:20:52,761 DEBUG [main] com.LoggerManager (throwsMain.java:27)     - methodA()
2022-02-21 11:23:31,738 DEBUG [main] com.LoggerManager (throwsMain2.java:27)     - methodA()
2022-02-21 11:23:31,739 DEBUG [main] com.LoggerManager (throwsMain2.java:36)     - main() 예외처리
2022-02-21 11:23:31,739 DEBUG [main] com.LoggerManager (throwsMain2.java:37)     - 메서드A 예외 발생!
2022-02-21 11:44:55,449 DEBUG [main] com.LoggerManager (UserexceptionMain.java:29)     - ticketing():-9
2022-02-21 11:44:55,451 DEBUG [main] com.LoggerManager (UserexceptionMain.java:38)     - main AgeException
2022-02-21 11:44:55,452 DEBUG [main] com.LoggerManager (UserexceptionMain.java:39)     - getMessage:나이를 확인 하세요.
나이는 >0
2022-02-21 11:45:26,324 DEBUG [main] com.LoggerManager (UserexceptionMain.java:29)     - ticketing():-9
2022-02-21 11:45:26,325 DEBUG [main] com.LoggerManager (UserexceptionMain.java:38)     - main AgeException
2022-02-21 11:45:26,325 DEBUG [main] com.LoggerManager (UserexceptionMain.java:39)     - getMessage:나이를 확인 하세요.
나이는 >0
2022-02-21 11:47:42,188 DEBUG [main] com.LoggerManager (UserexceptionMain.java:29)     - ticketing():-9
2022-02-21 11:47:45,296 DEBUG [main] com.LoggerManager (UserexceptionMain.java:38)     - main AgeException
2022-02-21 11:48:07,352 DEBUG [main] com.LoggerManager (UserexceptionMain.java:39)     - getMessage:나이를 확인 하세요.
나이는 >0
2022-02-21 11:48:29,765 DEBUG [main] com.LoggerManager (UserexceptionMain.java:29)     - ticketing():-9
2022-02-21 11:48:30,600 DEBUG [main] com.LoggerManager (UserexceptionMain.java:38)     - main AgeException
2022-02-21 12:29:11,403 DEBUG [main] com.LoggerManager (IdFormatExceptionMain.java:50)     - IDformatException:아이디는 8자 이상 20자 이하로 사용하세요.
2022-02-21 12:29:11,405 DEBUG [main] com.LoggerManager (IdFormatExceptionMain.java:53)     - 프로그램 종료
2022-02-21 12:36:11,573 DEBUG [main] com.LoggerManager (Date01Main.java:29)     - 사작시간 : 1645414571508
2022-02-21 12:38:55,316 DEBUG [main] com.LoggerManager (Date01Main.java:29)     - 사작시간 : 1645414735256
2022-02-21 12:38:55,320 DEBUG [main] com.LoggerManager (Date01Main.java:36)     - 종료시간 : 1645414735320
2022-02-21 12:39:00,072 DEBUG [main] com.LoggerManager (Date01Main.java:29)     - 사작시간 : 1645414740018
2022-02-21 12:39:00,076 DEBUG [main] com.LoggerManager (Date01Main.java:36)     - 종료시간 : 1645414740076
2022-02-21 12:39:02,322 DEBUG [main] com.LoggerManager (Date01Main.java:29)     - 사작시간 : 1645414742267
2022-02-21 12:39:02,326 DEBUG [main] com.LoggerManager (Date01Main.java:36)     - 종료시간 : 1645414742326
2022-02-21 12:39:05,453 DEBUG [main] com.LoggerManager (Date01Main.java:29)     - 사작시간 : 1645414745395
2022-02-21 12:39:05,457 DEBUG [main] com.LoggerManager (Date01Main.java:36)     - 종료시간 : 1645414745457
2022-02-21 12:39:37,395 DEBUG [main] com.LoggerManager (Date01Main.java:28)     - 사작시간 : 1645414777340
2022-02-21 12:39:37,404 DEBUG [main] com.LoggerManager (Date01Main.java:35)     - 종료시간 : 1645414777404
2022-02-21 12:40:46,461 DEBUG [main] com.LoggerManager (Date01Main.java:28)     - 사작시간 : 1645414846407
2022-02-21 12:40:46,468 DEBUG [main] com.LoggerManager (Date01Main.java:35)     - 종료시간 : 1645414846468
2022-02-21 12:40:46,468 DEBUG [main] com.LoggerManager (Date01Main.java:36)     - 경과시간 : 61ms
2022-02-21 12:44:15,096 DEBUG [main] com.LoggerManager (IdFormatExceptionMain.java:50)     - IDformatException:아이디는 8자 이상 20자 이하로 사용하세요.
2022-02-21 12:44:15,098 DEBUG [main] com.LoggerManager (IdFormatExceptionMain.java:53)     - 프로그램 종료
